<?xml version="1.0" encoding="UTF-8"?>
<testng-results ignored="0" total="3" passed="3" failed="0" skipped="0">
  <reporter-output>
  </reporter-output>
  <suite started-at="2025-11-11T13:08:48 IST" name="SauceDemo Suite" finished-at="2025-11-11T13:08:56 IST" duration-ms="8808">
    <groups>
      <group name="P1">
        <method signature="InvalidLoginTest.invalidLoginShowsError()[pri:0, instance:com.example.tests.regression.InvalidLoginTest@7c9d8e2]" name="invalidLoginShowsError" class="com.example.tests.regression.InvalidLoginTest"/>
        <method signature="RemoveItemTest.addAndRemoveItem()[pri:0, instance:com.example.tests.regression.RemoveItemTest@ae13544]" name="addAndRemoveItem" class="com.example.tests.regression.RemoveItemTest"/>
        <method signature="SortVerificationTest.verifySortLowToHigh()[pri:0, instance:com.example.tests.regression.SortVerificationTest@3d34d211]" name="verifySortLowToHigh" class="com.example.tests.regression.SortVerificationTest"/>
      </group> <!-- P1 -->
      <group name="regression">
        <method signature="InvalidLoginTest.invalidLoginShowsError()[pri:0, instance:com.example.tests.regression.InvalidLoginTest@7c9d8e2]" name="invalidLoginShowsError" class="com.example.tests.regression.InvalidLoginTest"/>
        <method signature="RemoveItemTest.addAndRemoveItem()[pri:0, instance:com.example.tests.regression.RemoveItemTest@ae13544]" name="addAndRemoveItem" class="com.example.tests.regression.RemoveItemTest"/>
        <method signature="SortVerificationTest.verifySortLowToHigh()[pri:0, instance:com.example.tests.regression.SortVerificationTest@3d34d211]" name="verifySortLowToHigh" class="com.example.tests.regression.SortVerificationTest"/>
      </group> <!-- regression -->
    </groups>
    <test started-at="2025-11-11T13:08:48 IST" name="Regression" finished-at="2025-11-11T13:08:56 IST" duration-ms="8808">
      <class name="com.example.tests.regression.SortVerificationTest">
        <test-method is-config="true" signature="beforeClass(java.lang.String)[pri:0, instance:com.example.tests.regression.SortVerificationTest@3d34d211]" started-at="2025-11-11T13:08:54 IST" name="beforeClass" finished-at="2025-11-11T13:08:54 IST" duration-ms="652" status="PASS">
          <params>
            <param index="0">
              <value>
                <![CDATA[false]]>
              </value>
            </param>
          </params>
          <reporter-output>
          </reporter-output>
        </test-method> <!-- beforeClass -->
        <test-method is-config="true" signature="clearPopupsBeforeTest()[pri:0, instance:com.example.tests.regression.SortVerificationTest@3d34d211]" started-at="2025-11-11T13:08:54 IST" name="clearPopupsBeforeTest" finished-at="2025-11-11T13:08:55 IST" duration-ms="1073" status="PASS">
          <reporter-output>
          </reporter-output>
        </test-method> <!-- clearPopupsBeforeTest -->
        <test-method signature="verifySortLowToHigh()[pri:0, instance:com.example.tests.regression.SortVerificationTest@3d34d211]" started-at="2025-11-11T13:08:55 IST" name="verifySortLowToHigh" finished-at="2025-11-11T13:08:56 IST" duration-ms="904" status="PASS">
          <reporter-output>
          </reporter-output>
        </test-method> <!-- verifySortLowToHigh -->
        <test-method is-config="true" signature="afterClass()[pri:0, instance:com.example.tests.regression.SortVerificationTest@3d34d211]" started-at="2025-11-11T13:08:56 IST" name="afterClass" finished-at="2025-11-11T13:08:56 IST" duration-ms="141" status="PASS">
          <reporter-output>
          </reporter-output>
        </test-method> <!-- afterClass -->
      </class> <!-- com.example.tests.regression.SortVerificationTest -->
      <class name="com.example.tests.regression.RemoveItemTest">
        <test-method is-config="true" signature="beforeClass(java.lang.String)[pri:0, instance:com.example.tests.regression.RemoveItemTest@ae13544]" started-at="2025-11-11T13:08:51 IST" name="beforeClass" finished-at="2025-11-11T13:08:52 IST" duration-ms="690" status="PASS">
          <params>
            <param index="0">
              <value>
                <![CDATA[false]]>
              </value>
            </param>
          </params>
          <reporter-output>
          </reporter-output>
        </test-method> <!-- beforeClass -->
        <test-method is-config="true" signature="clearPopupsBeforeTest()[pri:0, instance:com.example.tests.regression.RemoveItemTest@ae13544]" started-at="2025-11-11T13:08:52 IST" name="clearPopupsBeforeTest" finished-at="2025-11-11T13:08:53 IST" duration-ms="1078" status="PASS">
          <reporter-output>
          </reporter-output>
        </test-method> <!-- clearPopupsBeforeTest -->
        <test-method signature="addAndRemoveItem()[pri:0, instance:com.example.tests.regression.RemoveItemTest@ae13544]" started-at="2025-11-11T13:08:53 IST" name="addAndRemoveItem" finished-at="2025-11-11T13:08:54 IST" duration-ms="929" status="PASS">
          <reporter-output>
          </reporter-output>
        </test-method> <!-- addAndRemoveItem -->
        <test-method is-config="true" signature="afterClass()[pri:0, instance:com.example.tests.regression.RemoveItemTest@ae13544]" started-at="2025-11-11T13:08:54 IST" name="afterClass" finished-at="2025-11-11T13:08:54 IST" duration-ms="152" status="PASS">
          <reporter-output>
          </reporter-output>
        </test-method> <!-- afterClass -->
      </class> <!-- com.example.tests.regression.RemoveItemTest -->
      <class name="com.example.tests.regression.InvalidLoginTest">
        <test-method is-config="true" signature="beforeClass(java.lang.String)[pri:0, instance:com.example.tests.regression.InvalidLoginTest@7c9d8e2]" started-at="2025-11-11T13:08:48 IST" name="beforeClass" finished-at="2025-11-11T13:08:49 IST" duration-ms="1281" status="PASS">
          <params>
            <param index="0">
              <value>
                <![CDATA[false]]>
              </value>
            </param>
          </params>
          <reporter-output>
          </reporter-output>
        </test-method> <!-- beforeClass -->
        <test-method is-config="true" signature="clearPopupsBeforeTest()[pri:0, instance:com.example.tests.regression.InvalidLoginTest@7c9d8e2]" started-at="2025-11-11T13:08:49 IST" name="clearPopupsBeforeTest" finished-at="2025-11-11T13:08:50 IST" duration-ms="1086" status="PASS">
          <reporter-output>
          </reporter-output>
        </test-method> <!-- clearPopupsBeforeTest -->
        <test-method signature="invalidLoginShowsError()[pri:0, instance:com.example.tests.regression.InvalidLoginTest@7c9d8e2]" started-at="2025-11-11T13:08:50 IST" name="invalidLoginShowsError" finished-at="2025-11-11T13:08:51 IST" duration-ms="647" status="PASS">
          <reporter-output>
          </reporter-output>
        </test-method> <!-- invalidLoginShowsError -->
        <test-method is-config="true" signature="afterClass()[pri:0, instance:com.example.tests.regression.InvalidLoginTest@7c9d8e2]" started-at="2025-11-11T13:08:51 IST" name="afterClass" finished-at="2025-11-11T13:08:51 IST" duration-ms="145" status="PASS">
          <reporter-output>
          </reporter-output>
        </test-method> <!-- afterClass -->
      </class> <!-- com.example.tests.regression.InvalidLoginTest -->
    </test> <!-- Regression -->
  </suite> <!-- SauceDemo Suite -->
</testng-results>
