<?xml version="1.0" encoding="UTF-8"?>
<!-- Generated by org.testng.reporters.JUnitXMLReporter -->
<testsuite ignored="0" hostname="Saran" failures="0" tests="3" name="Regression" time="8.808" errors="0" timestamp="2025-11-11T13:08:56 IST">
  <testcase classname="com.example.tests.regression.InvalidLoginTest" name="invalidLoginShowsError" time="0.647"/>
  <testcase classname="com.example.tests.regression.RemoveItemTest" name="addAndRemoveItem" time="0.929"/>
  <testcase classname="com.example.tests.regression.SortVerificationTest" name="verifySortLowToHigh" time="0.904"/>
</testsuite> <!-- Regression -->
